This is pdfTeX, Version 3.1415926-2.3-1.40.12 (MiKTeX 2.9) (preloaded format=latex 2012.8.7)  17 FEB 2013 21:27
entering extended mode
**C:/Users/Xing/Dropbox/MATH530/mediasearch/main.tex
(C:/Users/Xing/Dropbox/MATH530/mediasearch/main.tex
LaTeX2e <2011/06/27>
Babel <v3.8m> and hyphenation patterns for loaded.
(C:\Users\Xing\Dropbox\MATH530\mediasearch\sig-alternate.cls
("C:\Program Files\CTEX\MiKTeX\tex\latex\graphics\epsfig.sty"
Package: epsfig 1999/02/16 v1.7a (e)psfig emulation (SPQR)

("C:\Program Files\CTEX\MiKTeX\tex\latex\graphics\graphicx.sty"
Package: graphicx 1999/02/16 v1.0f Enhanced LaTeX Graphics (DPC,SPQR)

("C:\Program Files\CTEX\MiKTeX\tex\latex\graphics\keyval.sty"
Package: keyval 1999/03/16 v1.13 key=value parser (DPC)
\KV@toks@=\toks14
)
("C:\Program Files\CTEX\MiKTeX\tex\latex\graphics\graphics.sty"
Package: graphics 2009/02/05 v1.0o Standard LaTeX Graphics (DPC,SPQR)

("C:\Program Files\CTEX\MiKTeX\tex\latex\graphics\trig.sty"
Package: trig 1999/03/16 v1.09 sin cos tan (DPC)
)
("C:\Program Files\CTEX\MiKTeX\tex\latex\00miktex\graphics.cfg"
File: graphics.cfg 2007/01/18 v1.5 graphics configuration of teTeX/TeXLive
)
Package graphics Info: Driver file: dvips.def on input line 91.

("C:\Program Files\CTEX\MiKTeX\tex\latex\graphics\dvips.def"
File: dvips.def 1999/02/16 v3.0i Driver-dependant file (DPC,SPQR)
))
\Gin@req@height=\dimen102
\Gin@req@width=\dimen103
)
\epsfxsize=\dimen104
\epsfysize=\dimen105
)
("C:\Program Files\CTEX\MiKTeX\tex\latex\amsfonts\amssymb.sty"
Package: amssymb 2009/06/22 v3.00

("C:\Program Files\CTEX\MiKTeX\tex\latex\amsfonts\amsfonts.sty"
Package: amsfonts 2009/06/22 v3.00 Basic AMSFonts support
\@emptytoks=\toks15
\symAMSa=\mathgroup4
\symAMSb=\mathgroup5
LaTeX Font Info:    Overwriting math alphabet `\mathfrak' in version `bold'
(Font)                  U/euf/m/n --> U/euf/b/n on input line 96.
))
("C:\Program Files\CTEX\MiKTeX\tex\latex\ams\math\amsmath.sty"
Package: amsmath 2000/07/18 v2.13 AMS math features
\@mathmargin=\skip41

For additional information on amsmath, use the `?' option.
("C:\Program Files\CTEX\MiKTeX\tex\latex\ams\math\amstext.sty"
Package: amstext 2000/06/29 v2.01

("C:\Program Files\CTEX\MiKTeX\tex\latex\ams\math\amsgen.sty"
File: amsgen.sty 1999/11/30 v2.0
\@emptytoks=\toks16
\ex@=\dimen106
))
("C:\Program Files\CTEX\MiKTeX\tex\latex\ams\math\amsbsy.sty"
Package: amsbsy 1999/11/29 v1.2d
\pmbraise@=\dimen107
)
("C:\Program Files\CTEX\MiKTeX\tex\latex\ams\math\amsopn.sty"
Package: amsopn 1999/12/14 v2.01 operator names
)
\inf@bad=\count79
LaTeX Info: Redefining \frac on input line 211.
\uproot@=\count80
\leftroot@=\count81
LaTeX Info: Redefining \overline on input line 307.
\classnum@=\count82
\DOTSCASE@=\count83
LaTeX Info: Redefining \ldots on input line 379.
LaTeX Info: Redefining \dots on input line 382.
LaTeX Info: Redefining \cdots on input line 467.
\Mathstrutbox@=\box26
\strutbox@=\box27
\big@size=\dimen108
LaTeX Font Info:    Redeclaring font encoding OML on input line 567.
LaTeX Font Info:    Redeclaring font encoding OMS on input line 568.
\macc@depth=\count84
\c@MaxMatrixCols=\count85
\dotsspace@=\muskip10
\c@parentequation=\count86
\dspbrk@lvl=\count87
\tag@help=\toks17
\row@=\count88
\column@=\count89
\maxfields@=\count90
\andhelp@=\toks18
\eqnshift@=\dimen109
\alignsep@=\dimen110
\tagshift@=\dimen111
\tagwidth@=\dimen112
\totwidth@=\dimen113
\lineht@=\dimen114
\@envbody=\toks19
\multlinegap=\skip42
\multlinetaggap=\skip43
\mathdisplay@stack=\toks20
LaTeX Info: Redefining \[ on input line 2666.
LaTeX Info: Redefining \] on input line 2667.
)
Document Class 'sig-alternate' <23rd. May '12>. Modified by G.K.M. Tobin/Gerry 
Murray
Based in part upon document Style `acmconf' <22 May 89>. Hacked 4/91 by
shivers@cs.cmu.edu, 4/93 by theobald@cs.mcgill.ca
Excerpts were taken from (Journal Style) 'esub2acm.cls'.
****** Bugs/comments/suggestions/technicalities to Gerry Murray -- murray@hq.ac
m.org ******
Questions on the style, SIGS policies, etc. to Adrienne Griscti griscti@acm.org

\footheight=\dimen115
\@maxsep=\dimen116
\@dblmaxsep=\dimen117
\aucount=\count91
\originalaucount=\count92
\auwidth=\dimen118
\auskip=\dimen119
\auskipcount=\count93
\auskip=\dimen120
\allauboxes=\dimen121
\addauthors=\toks21
\addauflag=\count94
\subtitletext=\toks22
\savesection=\count95
\sectioncntr=\count96
\c@figure=\count97
\c@table=\count98
\titleboxnotes=\toks23
\titleboxnoteflag=\count99
Document Class: sig-alternate 2012/05/23 - V2.5 - based on acmproc.cls V1.3 <No
v. 30 '99>
("C:\Program Files\CTEX\MiKTeX\tex\latex\base\latexsym.sty"
Package: latexsym 1998/08/17 v2.2e Standard LaTeX package (lasy symbols)
\symlasy=\mathgroup6
LaTeX Font Info:    Overwriting symbol font `lasy' in version `bold'
(Font)                  U/lasy/m/n --> U/lasy/b/n on input line 47.
)
\@acmtitlebox=\box28
\titlenotecount=\count100
\tntoks=\toks24
\tntokstwo=\toks25
\tntoksthree=\toks26
\tntoksfour=\toks27
\tntoksfive=\toks28
\catcount=\count101
\copyrightnotice=\toks29
\conf=\toks30
\confinfo=\toks31
\c@part=\count102
\c@section=\count103
\c@subsection=\count104
\c@subsubsection=\count105
\c@paragraph=\count106

Using 'Abbrev' bibliography style
LaTeX Info: Redefining \cite on input line 1211.
\bibindent=\dimen122
\colcntr=\count107
\saveb@x=\box29
\copyrtyr=\toks32
\acmcopyr=\toks33
\boilerplate=\toks34
\copyrightetc=\toks35
("C:\Program Files\CTEX\MiKTeX\tex\latex\base\fontenc.sty"
Package: fontenc 2005/09/27 v1.99g Standard LaTeX package

("C:\Program Files\CTEX\MiKTeX\tex\latex\base\t1enc.def"
File: t1enc.def 2005/09/27 v1.99g Standard LaTeX file
LaTeX Font Info:    Redeclaring font encoding T1 on input line 43.
)
LaTeX Font Info:    Try loading font information for T1+aer on input line 100.

("C:\Program Files\CTEX\MiKTeX\tex\latex\ae\t1aer.fd"
File: t1aer.fd 1997/11/16 Font definitions for T1/aer.
)))
(C:\Users\Xing\Dropbox\MATH530\mediasearch\booktabs.sty
Package: booktabs 2005/04/14 v1.61803 publication quality tables
\heavyrulewidth=\dimen123
\lightrulewidth=\dimen124
\cmidrulewidth=\dimen125
\belowrulesep=\dimen126
\belowbottomsep=\dimen127
\aboverulesep=\dimen128
\abovetopsep=\dimen129
\cmidrulesep=\dimen130
\cmidrulekern=\dimen131
\defaultaddspace=\dimen132
\@cmidla=\count108
\@cmidlb=\count109
\@aboverulesep=\dimen133
\@belowrulesep=\dimen134
\@thisruleclass=\count110
\@lastruleclass=\count111
\@thisrulewidth=\dimen135
)
(C:\Users\Xing\Dropbox\MATH530\mediasearch\packages.tex
("C:\Program Files\CTEX\UserData\tex\latex\endnotes\endnotes.sty"
\c@endnote=\count112
\endnotesep=\dimen136
\@enotes=\write3
)
("C:\Program Files\CTEX\MiKTeX\tex\latex\psnfss\times.sty"
Package: times 2005/04/12 PSNFSS-v9.2a (SPQR) 
)
("C:\Program Files\CTEX\MiKTeX\tex\latex\psnfss\courier.sty"
Package: courier 2005/04/12 PSNFSS-v9.2a (WaS) 
)
(C:\Users\Xing\Dropbox\MATH530\mediasearch\subfigure.sty
\c@subfigure=\count113
)
("C:\Program Files\CTEX\MiKTeX\tex\latex\graphics\color.sty"
Package: color 2005/11/14 v1.0j Standard LaTeX Color (DPC)

("C:\Program Files\CTEX\MiKTeX\tex\latex\00miktex\color.cfg"
File: color.cfg 2007/01/18 v1.5 color configuration of teTeX/TeXLive
)
Package color Info: Driver file: dvips.def on input line 130.

("C:\Program Files\CTEX\MiKTeX\tex\latex\graphics\dvipsnam.def"
File: dvipsnam.def 1999/02/16 v3.0i Driver-dependant file (DPC,SPQR)
))
(C:\Users\Xing\Dropbox\MATH530\mediasearch\sped.sty
\abovecaptionskip=\skip44
\belowcaptionskip=\skip45
)
("C:\Program Files\CTEX\MiKTeX\tex\latex\ltxmisc\url.sty"
\Urlmuskip=\muskip11
Package: url 2006/04/12  ver 3.3  Verb mode for urls, etc.
)
(C:\Users\Xing\Dropbox\MATH530\mediasearch\wrapfig.sty
\WF@wrappedlines=\count114
\WF@size=\dimen137
\WF@box=\box30
\WF@hsep=\dimen138
\WF@tsep=\dimen139
)
("C:\Program Files\CTEX\MiKTeX\tex\latex\tools\xspace.sty"
Package: xspace 2009/10/20 v1.13 Space after command names (DPC,MH)
)
(C:\Users\Xing\Dropbox\MATH530\mediasearch\balance.sty
Package: balance 1999/02/23 4.3 (PWD)
\oldvsize=\dimen140
)
(C:\Users\Xing\Dropbox\MATH530\mediasearch\enumitem.sty
Package: enumitem 2011/09/28 v3.5.2 Customized lists
\labelindent=\skip46
\enit@outerparindent=\dimen141
\enit@toks=\toks36
\enit@inbox=\box31
\enitdp@description=\count115
)
(C:\Users\Xing\Dropbox\MATH530\mediasearch\lastpage.sty
Package: lastpage 1994/06/25 v0.1b LaTeX2e package for refs to last page number
 (JPG)
)
(C:\Users\Xing\Dropbox\MATH530\mediasearch\algorithm.sty
Package: algorithm 

Document Style `algorithm' - floating environment
(C:\Users\Xing\Dropbox\MATH530\mediasearch\float.sty
Style-Option: `float' 1.1c 18 Dec 92 (AL)
\float@type=\count116
\float@box=\box32
\@floatcapt=\box33
)
("C:\Program Files\CTEX\MiKTeX\tex\latex\base\ifthen.sty"
Package: ifthen 2001/05/26 v1.1c Standard LaTeX ifthen package (DPC)
)
\c@algorithm=\count117
)
(C:\Users\Xing\Dropbox\MATH530\mediasearch\algorithmic.sty
Package: algorithmic 2005/07/05

Document Style `algorithmic' - environment
("C:\Program Files\CTEX\MiKTeX\tex\latex\tools\calc.sty"
Package: calc 2007/08/22 v4.3 Infix arithmetic (KKT,FJ)
\calc@Acount=\count118
\calc@Bcount=\count119
\calc@Adimen=\dimen142
\calc@Bdimen=\dimen143
\calc@Askip=\skip47
\calc@Bskip=\skip48
LaTeX Info: Redefining \setlength on input line 76.
LaTeX Info: Redefining \addtolength on input line 77.
\calc@Ccount=\count120
\calc@Cskip=\skip49
)
\c@ALC@line=\count121
\c@ALC@rem=\count122
\c@ALC@depth=\count123
\ALC@tlm=\skip50
\algorithmicindent=\skip51
))
(C:\Users\Xing\Dropbox\MATH530\mediasearch\macros.tex
Package color Info: Redefining color magenta on input line 4.
Package color Info: Redefining color red on input line 6.
Package color Info: Redefining color green on input line 7.
Package color Info: Redefining color blue on input line 8.
\c@rul=\count124
\c@theorem=\count125
)
(C:\Users\Xing\Dropbox\MATH530\mediasearch\main.aux)
LaTeX Font Info:    Checking defaults for OML/cmm/m/it on input line 35.
LaTeX Font Info:    ... okay on input line 35.
LaTeX Font Info:    Checking defaults for T1/cmr/m/n on input line 35.
LaTeX Font Info:    ... okay on input line 35.
LaTeX Font Info:    Checking defaults for OT1/cmr/m/n on input line 35.
LaTeX Font Info:    ... okay on input line 35.
LaTeX Font Info:    Checking defaults for OMS/cmsy/m/n on input line 35.
LaTeX Font Info:    ... okay on input line 35.
LaTeX Font Info:    Checking defaults for OMX/cmex/m/n on input line 35.
LaTeX Font Info:    ... okay on input line 35.
LaTeX Font Info:    Checking defaults for U/cmr/m/n on input line 35.
LaTeX Font Info:    ... okay on input line 35.
LaTeX Font Info:    Try loading font information for T1+ptm on input line 35.

("C:\Program Files\CTEX\MiKTeX\tex\latex\psnfss\t1ptm.fd"
File: t1ptm.fd 2001/06/04 font definitions for T1/ptm.
)
LaTeX Font Info:    Try loading font information for U+msa on input line 115.

("C:\Program Files\CTEX\MiKTeX\tex\latex\amsfonts\umsa.fd"
File: umsa.fd 2009/06/22 v3.00 AMS symbols A
)
LaTeX Font Info:    Try loading font information for U+msb on input line 115.

("C:\Program Files\CTEX\MiKTeX\tex\latex\amsfonts\umsb.fd"
File: umsb.fd 2009/06/22 v3.00 AMS symbols B
)
LaTeX Font Info:    Try loading font information for U+lasy on input line 115.

("C:\Program Files\CTEX\MiKTeX\tex\latex\base\ulasy.fd"
File: ulasy.fd 1998/08/17 v2.2e LaTeX symbol font definitions
)
Overfull \hbox (22.85443pt too wide) in paragraph at lines 115--115
 []\eaddfnt amotz@sci.brooklyn.cuny.edu| 
 []

(C:\Users\Xing\Dropbox\MATH530\mediasearch\abstract.tex)
LaTeX Font Info:    Font shape `T1/ptm/bx/n' in size <9> not available
(Font)              Font shape `T1/ptm/b/n' tried instead on input line 121.

Overfull \hbox (2.69151pt too wide) in paragraph at lines 121--124
\T1/ptm/m/n/9 Gen-er-al; C.2.4 [\T1/ptm/b/n/9 Computer-Communication Net-work-s
\T1/ptm/m/n/9 ]: Dis-tribut-
 []


Underfull \vbox (badness 1895) has occurred while \output is active []


(C:\Users\Xing\Dropbox\MATH530\mediasearch\Introduction.tex
Overfull \hbox (6.24614pt too wide) in paragraph at lines 127--2
[]\T1/ptm/m/n/9 Crowd-sensing, Image-Retrieval, Feature-Extraction, Mobile-Devi
ce 
 []


Overfull \hbox (1.4767pt too wide) in paragraph at lines 66--95
[][]\T1/ptm/m/n/9 To bridge this avail-abil-i-ty gap, and to en-able this and o
th-er missed
 []


Overfull \hbox (4.41896pt too wide) in paragraph at lines 66--95
\T1/ptm/m/n/9 sys-tem called Me-di-aS-cope that per-mit-s con-cur-ren-t ge-o-me
t-ric queries
 []


Overfull \hbox (5.62541pt too wide) in paragraph at lines 122--146
[][]\T1/ptm/m/n/9 MediaScope ad-dress-es this chal-lenge us-ing an ap-proach th
at trades
 []


Underfull \vbox (badness 1127) has occurred while \output is active []

 [1


])
(C:\Users\Xing\Dropbox\MATH530\mediasearch\motivation.tex [2])
(C:\Users\Xing\Dropbox\MATH530\mediasearch\implementation.tex
File: pics/cdf.eps Graphic file (type eps)
 <pics/cdf.eps>
File: pics/architecture.eps Graphic file (type eps)

<pics/architecture.eps>
File: pics/example.eps Graphic file (type eps)
 <pics/example.eps> [3]
Overfull \hbox (3.35345pt too wide) in paragraph at lines 305--314
$\OML/cmm/m/it/9 K$ \T1/ptm/b/n/9 Clus-ter-ing. \T1/ptm/m/n/9 The sec-ond class
 of queries sup-port-ed by M-SCloudQ
 []

[4]

LaTeX Font Warning: Command \footnotesize invalid in math mode on input line 51
8.


LaTeX Font Warning: Command \footnotesize invalid in math mode on input line 51
8.


Overfull \hbox (4.0109pt too wide) in paragraph at lines 521--540
\T1/ptm/m/n/9 for the clique. Vari-able $\OML/cmm/m/it/9 z$ \T1/ptm/m/n/9 is us
ed to achieve the $[][] []$.
 []

LaTeX Font Info:    Font shape `T1/ptm/bx/n' in size <8> not available
(Font)              Font shape `T1/ptm/b/n' tried instead on input line 563.
[5]
File: pics/cedd.eps Graphic file (type eps)
 <pics/cedd.eps>
File: pics/resize.eps Graphic file (type eps)
 <pics/resize.eps>
File: pics/kmeans.eps Graphic file (type eps)
 <pics/kmeans.eps>
Underfull \hbox (badness 1648) in paragraph at lines 704--704
[][]\T1/ptm/m/n/9 (c) Av-er-age Er-ror Rate of K-Mean-s
 []


LaTeX Font Warning: Command \small invalid in math mode on input line 731.


LaTeX Font Warning: Command \small invalid in math mode on input line 731.


LaTeX Font Warning: Command \small invalid in math mode on input line 903.


Overfull \hbox (1.22362pt too wide) detected at line 907
\OML/cmm/m/it/8 s\OT1/cmr/m/n/8 [\OML/cmm/m/it/8 i; q\OT1/cmr/m/n/8 ] = []
 []

LaTeX Font Info:    Calculating math sizes for size <> on input line 907.

LaTeX Font Warning: Font shape `OT1/cmr/m/n' in size <> not available
(Font)              size <5> substituted on input line 907.


LaTeX Font Warning: Font shape `OT1/cmr/m/n' in size <0.7> not available
(Font)              size <5> substituted on input line 907.


LaTeX Font Warning: Font shape `OT1/cmr/m/n' in size <0.5> not available
(Font)              size <5> substituted on input line 907.


LaTeX Font Warning: Font shape `OML/cmm/m/it' in size <> not available
(Font)              size <5> substituted on input line 907.


LaTeX Font Warning: Font shape `OML/cmm/m/it' in size <0.7> not available
(Font)              size <5> substituted on input line 907.


LaTeX Font Warning: Font shape `OML/cmm/m/it' in size <0.5> not available
(Font)              size <5> substituted on input line 907.


LaTeX Font Warning: Font shape `OMS/cmsy/m/n' in size <> not available
(Font)              size <5> substituted on input line 907.


LaTeX Font Warning: Font shape `OMS/cmsy/m/n' in size <0.7> not available
(Font)              size <5> substituted on input line 907.


LaTeX Font Warning: Font shape `OMS/cmsy/m/n' in size <0.5> not available
(Font)              size <5> substituted on input line 907.


LaTeX Font Warning: Font shape `U/lasy/m/n' in size <> not available
(Font)              size <5> substituted on input line 907.


LaTeX Font Warning: Font shape `U/lasy/m/n' in size <0.7> not available
(Font)              size <5> substituted on input line 907.


LaTeX Font Warning: Font shape `U/lasy/m/n' in size <0.5> not available
(Font)              size <5> substituted on input line 907.

[6]
Overfull \hbox (4.37447pt too wide) in paragraph at lines 1128--1145
\T1/ptm/m/n/9 bile's Fea-ture Ex-trac-tor is video frame ex-trac-tion. Ide-al-l
y, for videos,
 []

File: pics/frame.eps Graphic file (type eps)
<pics/frame.eps>
File: pics/similarity.eps Graphic file (type eps)
 <pics/similarity.eps>
Overfull \hbox (9.85962pt too wide) in paragraph at lines 1192--1206
[][][] [] 
 []


Overfull \hbox (3.51062pt too wide) in paragraph at lines 1326--1341
[][]\T1/ptm/m/n/9 MediaScope lever-ages an ex-ist-ing, pub-licly avail-able, cr
owd sens-
 []


Underfull \vbox (badness 10000) has occurred while \output is active []

 [7])
(C:\Users\Xing\Dropbox\MATH530\mediasearch\evaluation.tex
File: pics/1.eps Graphic file (type eps)
 <pics/1.eps>
File: pics/2.eps Graphic file (type eps)

<pics/2.eps>
File: pics/3.eps Graphic file (type eps)
 <pics/3.eps>
File: pics/different_queries.eps Graphic file (type eps)
 <pics/different_queries.eps>
File: pics/different_times.eps Graphic file (type eps)

<pics/different_times.eps>
File: pics/timeline.eps Graphic file (type eps)
 <pics/timeline.eps>
Overfull \hbox (8.06467pt too wide) in paragraph at lines 172--174
 [][][] 
 []

[8]
Underfull \vbox (badness 10000) has occurred while \output is active []


Underfull \vbox (badness 10000) has occurred while \output is active []

 [9]
Overfull \hbox (4.60861pt too wide) in paragraph at lines 397--411
[][]\T1/ptm/m/n/9 To get some more in-sight in-to the d-if-fer-ences be-tween t
he schedul-
 []

) (C:\Users\Xing\Dropbox\MATH530\mediasearch\relatedwork.tex
Overfull \hbox (4.73453pt too wide) in paragraph at lines 5--20
[][]\T1/ptm/m/n/9 Perhaps the clos-es-t re-lat-ed piece of work to Me-di-aS-cop
e is Crowd-
 []

[10]) (C:\Users\Xing\Dropbox\MATH530\mediasearch\conclusion.tex)
(C:\Users\Xing\Dropbox\MATH530\mediasearch\main.bbl
Overfull \vbox (1.62578pt too high) has occurred while \output is active []


[11]) AED: lastpage setting LastPage
Overfull \vbox (1.72421pt too high) has occurred while \output is active []


[12] (C:\Users\Xing\Dropbox\MATH530\mediasearch\main.aux)

LaTeX Font Warning: Size substitutions with differences
(Font)              up to 4.5pt have occurred.

 ) 
Here is how much of TeX's memory you used:
 3180 strings out of 495355
 40256 string characters out of 3183099
 106624 words of memory out of 3000000
 6232 multiletter control sequences out of 15000+200000
 58421 words of font info for 78 fonts, out of 3000000 for 9000
 14 hyphenation exceptions out of 8191
 39i,13n,26p,1990b,559s stack positions out of 5000i,500n,10000p,200000b,50000s

Output written on main.dvi (12 pages, 119092 bytes).
