This is pdfTeX, Version 3.1415926-2.4-1.40.13 (TeX Live 2012) (format=latex 2012.11.11)  4 MAR 2013 17:09
entering extended mode
 restricted \write18 enabled.
 %&-line parsing enabled.
**sigproc-sp.tex
(./sigproc-sp.tex
LaTeX2e <2011/06/27>
Babel <v3.8m> and hyphenation patterns for english, dumylang, nohyphenation, ge
rman-x-2012-05-30, ngerman-x-2012-05-30, afrikaans, ancientgreek, ibycus, arabi
c, armenian, basque, bulgarian, catalan, pinyin, coptic, croatian, czech, danis
h, dutch, ukenglish, usenglishmax, esperanto, estonian, ethiopic, farsi, finnis
h, french, friulan, galician, german, ngerman, swissgerman, monogreek, greek, h
ungarian, icelandic, assamese, bengali, gujarati, hindi, kannada, malayalam, ma
rathi, oriya, panjabi, tamil, telugu, indonesian, interlingua, irish, italian, 
kurmanji, latin, latvian, lithuanian, mongolian, mongolianlmc, bokmal, nynorsk,
 polish, portuguese, romanian, romansh, russian, sanskrit, serbian, serbianc, s
lovak, slovenian, spanish, swedish, turkish, turkmen, ukrainian, uppersorbian, 
welsh, loaded.
(./sig-alt-release2.cls
(/usr/local/texlive/2012/texmf-dist/tex/latex/graphics/epsfig.sty
Package: epsfig 1999/02/16 v1.7a (e)psfig emulation (SPQR)

(/usr/local/texlive/2012/texmf-dist/tex/latex/graphics/graphicx.sty
Package: graphicx 1999/02/16 v1.0f Enhanced LaTeX Graphics (DPC,SPQR)

(/usr/local/texlive/2012/texmf-dist/tex/latex/graphics/keyval.sty
Package: keyval 1999/03/16 v1.13 key=value parser (DPC)
\KV@toks@=\toks14
)
(/usr/local/texlive/2012/texmf-dist/tex/latex/graphics/graphics.sty
Package: graphics 2009/02/05 v1.0o Standard LaTeX Graphics (DPC,SPQR)

(/usr/local/texlive/2012/texmf-dist/tex/latex/graphics/trig.sty
Package: trig 1999/03/16 v1.09 sin cos tan (DPC)
)
(/usr/local/texlive/2012/texmf-dist/tex/latex/latexconfig/graphics.cfg
File: graphics.cfg 2010/04/23 v1.9 graphics configuration of TeX Live
)
Package graphics Info: Driver file: dvips.def on input line 91.

(/usr/local/texlive/2012/texmf-dist/tex/latex/graphics/dvips.def
File: dvips.def 1999/02/16 v3.0i Driver-dependant file (DPC,SPQR)
))
\Gin@req@height=\dimen102
\Gin@req@width=\dimen103
)
\epsfxsize=\dimen104
\epsfysize=\dimen105
)
(/usr/local/texlive/2012/texmf-dist/tex/latex/amsfonts/amssymb.sty
Package: amssymb 2009/06/22 v3.00

(/usr/local/texlive/2012/texmf-dist/tex/latex/amsfonts/amsfonts.sty
Package: amsfonts 2009/06/22 v3.00 Basic AMSFonts support
\@emptytoks=\toks15
\symAMSa=\mathgroup4
\symAMSb=\mathgroup5
LaTeX Font Info:    Overwriting math alphabet `\mathfrak' in version `bold'
(Font)                  U/euf/m/n --> U/euf/b/n on input line 96.
))
(/usr/local/texlive/2012/texmf-dist/tex/latex/amsmath/amsmath.sty
Package: amsmath 2000/07/18 v2.13 AMS math features
\@mathmargin=\skip41

For additional information on amsmath, use the `?' option.
(/usr/local/texlive/2012/texmf-dist/tex/latex/amsmath/amstext.sty
Package: amstext 2000/06/29 v2.01

(/usr/local/texlive/2012/texmf-dist/tex/latex/amsmath/amsgen.sty
File: amsgen.sty 1999/11/30 v2.0
\@emptytoks=\toks16
\ex@=\dimen106
))
(/usr/local/texlive/2012/texmf-dist/tex/latex/amsmath/amsbsy.sty
Package: amsbsy 1999/11/29 v1.2d
\pmbraise@=\dimen107
)
(/usr/local/texlive/2012/texmf-dist/tex/latex/amsmath/amsopn.sty
Package: amsopn 1999/12/14 v2.01 operator names
)
\inf@bad=\count79
LaTeX Info: Redefining \frac on input line 211.
\uproot@=\count80
\leftroot@=\count81
LaTeX Info: Redefining \overline on input line 307.
\classnum@=\count82
\DOTSCASE@=\count83
LaTeX Info: Redefining \ldots on input line 379.
LaTeX Info: Redefining \dots on input line 382.
LaTeX Info: Redefining \cdots on input line 467.
\Mathstrutbox@=\box26
\strutbox@=\box27
\big@size=\dimen108
LaTeX Font Info:    Redeclaring font encoding OML on input line 567.
LaTeX Font Info:    Redeclaring font encoding OMS on input line 568.
\macc@depth=\count84
\c@MaxMatrixCols=\count85
\dotsspace@=\muskip10
\c@parentequation=\count86
\dspbrk@lvl=\count87
\tag@help=\toks17
\row@=\count88
\column@=\count89
\maxfields@=\count90
\andhelp@=\toks18
\eqnshift@=\dimen109
\alignsep@=\dimen110
\tagshift@=\dimen111
\tagwidth@=\dimen112
\totwidth@=\dimen113
\lineht@=\dimen114
\@envbody=\toks19
\multlinegap=\skip42
\multlinetaggap=\skip43
\mathdisplay@stack=\toks20
LaTeX Info: Redefining \[ on input line 2666.
LaTeX Info: Redefining \] on input line 2667.
)
Document Class 'sig-alt-release2' <22nd. April '09>. Modified by G.K.M. Tobin/G
erry Murray
Based in part upon document Style `acmconf' <22 May 89>. Hacked 4/91 by
shivers@cs.cmu.edu, 4/93 by theobald@cs.mcgill.ca
Excerpts were taken from (Journal Style) 'esub2acm.cls'.
****** Bugs/comments/suggestions/technicalities to Gerry Murray -- murray@hq.ac
m.org ******
Questions on the style, SIGS policies, etc. to Gerry Murray at ACM murray@acm.o
rg
\footheight=\dimen115
\@maxsep=\dimen116
\@dblmaxsep=\dimen117
\aucount=\count91
\originalaucount=\count92
\auwidth=\dimen118
\auskip=\dimen119
\auskipcount=\count93
\auskip=\dimen120
\allauboxes=\dimen121
\addauthors=\toks21
\addauflag=\count94
\subtitletext=\toks22
\savesection=\count95
\sectioncntr=\count96
\c@figure=\count97
\c@table=\count98
\titleboxnotes=\toks23
\titleboxnoteflag=\count99
Document Class: sig-alt-release2 2009/04/22 - V1.6 - based on acmproc.cls V1.3 
<Nov. 30 '99>
(/usr/local/texlive/2012/texmf-dist/tex/latex/base/latexsym.sty
Package: latexsym 1998/08/17 v2.2e Standard LaTeX package (lasy symbols)
\symlasy=\mathgroup6
LaTeX Font Info:    Overwriting symbol font `lasy' in version `bold'
(Font)                  U/lasy/m/n --> U/lasy/b/n on input line 47.
)
\@acmtitlebox=\box28
\titlenotecount=\count100
\tntoks=\toks24
\tntokstwo=\toks25
\tntoksthree=\toks26
\tntoksfour=\toks27
\tntoksfive=\toks28
\catcount=\count101
\copyrightnotice=\toks29
\conf=\toks30
\confinfo=\toks31
\c@part=\count102
\c@section=\count103
\c@subsection=\count104
\c@subsubsection=\count105
\c@paragraph=\count106

Using 'Abbrev' bibliography style
LaTeX Info: Redefining \cite on input line 1212.
\bibindent=\dimen122
\colcntr=\count107
\saveb@x=\box29
\copyrtyr=\toks32
\acmcopyr=\toks33
\boilerplate=\toks34
\copyrightetc=\toks35
(/usr/local/texlive/2012/texmf-dist/tex/latex/base/fontenc.sty
Package: fontenc 2005/09/27 v1.99g Standard LaTeX package

(/usr/local/texlive/2012/texmf-dist/tex/latex/base/t1enc.def
File: t1enc.def 2005/09/27 v1.99g Standard LaTeX file
LaTeX Font Info:    Redeclaring font encoding T1 on input line 43.
)
LaTeX Font Info:    Try loading font information for T1+aer on input line 100.

(/usr/local/texlive/2012/texmf-dist/tex/latex/ae/t1aer.fd
File: t1aer.fd 1997/11/16 Font definitions for T1/aer.
)))
(/usr/local/texlive/2012/texmf-dist/tex/latex/url/url.sty
\Urlmuskip=\muskip11
Package: url 2006/04/12  ver 3.3  Verb mode for urls, etc.
) (./packages.tex
(/usr/local/texlive/2012/texmf-dist/tex/latex/endnotes/endnotes.sty
\c@endnote=\count108
\endnotesep=\dimen123
\@enotes=\write3
)
(/usr/local/texlive/2012/texmf-dist/tex/latex/psnfss/times.sty
Package: times 2005/04/12 PSNFSS-v9.2a (SPQR) 
)
(/usr/local/texlive/2012/texmf-dist/tex/latex/psnfss/courier.sty
Package: courier 2005/04/12 PSNFSS-v9.2a (WaS) 
)
(/usr/local/texlive/2012/texmf-dist/tex/latex/subfigure/subfigure.sty
Package: subfigure 2002/03/15 v2.1.5 subfigure package
\subfigtopskip=\skip44
\subfigcapskip=\skip45
\subfigcaptopadj=\dimen124
\subfigbottomskip=\skip46
\subfigcapmargin=\dimen125
\subfiglabelskip=\skip47
\c@subfigure=\count109
\c@lofdepth=\count110
\c@subtable=\count111
\c@lotdepth=\count112

****************************************
* Local config file subfigure.cfg used *
****************************************
(/usr/local/texlive/2012/texmf-dist/tex/latex/subfigure/subfigure.cfg)
\subfig@top=\skip48
\subfig@bottom=\skip49
)
(/usr/local/texlive/2012/texmf-dist/tex/latex/graphics/color.sty
Package: color 2005/11/14 v1.0j Standard LaTeX Color (DPC)

(/usr/local/texlive/2012/texmf-dist/tex/latex/latexconfig/color.cfg
File: color.cfg 2007/01/18 v1.5 color configuration of teTeX/TeXLive
)
Package color Info: Driver file: dvips.def on input line 130.

(/usr/local/texlive/2012/texmf-dist/tex/latex/graphics/dvipsnam.def
File: dvipsnam.def 1999/02/16 v3.0i Driver-dependant file (DPC,SPQR)
))
(./sped.sty
\abovecaptionskip=\skip50
\belowcaptionskip=\skip51
) (/usr/local/texlive/2012/texmf-dist/tex/latex/wrapfig/wrapfig.sty
\wrapoverhang=\dimen126
\WF@size=\dimen127
\c@WF@wrappedlines=\count113
\WF@box=\box30
\WF@everypar=\toks36
Package: wrapfig 2003/01/31  v 3.6
) (/usr/local/texlive/2012/texmf-dist/tex/latex/tools/xspace.sty
Package: xspace 2009/10/20 v1.13 Space after command names (DPC,MH)
)
(/usr/local/texlive/2012/texmf-dist/tex/latex/preprint/balance.sty
Package: balance 1999/02/23 4.3 (PWD)
\oldvsize=\dimen128
)
(/usr/local/texlive/2012/texmf-dist/tex/latex/enumitem/enumitem.sty
Package: enumitem 2011/09/28 v3.5.2 Customized lists
\labelindent=\skip52
\enit@outerparindent=\dimen129
\enit@toks=\toks37
\enit@inbox=\box31
\enitdp@description=\count114
)
(/usr/local/texlive/2012/texmf-dist/tex/latex/lastpage/lastpage.sty
Package: lastpage 2011/09/01 v1.2k Refers to last page's name (HMM; JPG)
)
(/usr/local/texlive/2012/texmf-dist/tex/latex/algorithms/algorithm.sty
Package: algorithm 2009/08/24 v0.1 Document Style `algorithm' - floating enviro
nment

(/usr/local/texlive/2012/texmf-dist/tex/latex/float/float.sty
Package: float 2001/11/08 v1.3d Float enhancements (AL)
\c@float@type=\count115
\float@exts=\toks38
\float@box=\box32
\@float@everytoks=\toks39
\@floatcapt=\box33
)
(/usr/local/texlive/2012/texmf-dist/tex/latex/base/ifthen.sty
Package: ifthen 2001/05/26 v1.1c Standard LaTeX ifthen package (DPC)
)
\@float@every@algorithm=\toks40
\c@algorithm=\count116
)
(/usr/local/texlive/2012/texmf-dist/tex/latex/algorithms/algorithmic.sty
Package: algorithmic 2009/08/24 v0.1 Document Style `algorithmic'
\c@ALC@unique=\count117
\c@ALC@line=\count118
\c@ALC@rem=\count119
\c@ALC@depth=\count120
\ALC@tlm=\skip53
\algorithmicindent=\skip54
))
(./macros.tex
Package color Info: Redefining color magenta on input line 4.
Package color Info: Redefining color red on input line 6.
Package color Info: Redefining color green on input line 7.
Package color Info: Redefining color blue on input line 8.
\c@rul=\count121
\c@theorem=\count122
) (./sigproc-sp.aux)
\openout1 = `sigproc-sp.aux'.

LaTeX Font Info:    Checking defaults for OML/cmm/m/it on input line 40.
LaTeX Font Info:    ... okay on input line 40.
LaTeX Font Info:    Checking defaults for T1/cmr/m/n on input line 40.
LaTeX Font Info:    ... okay on input line 40.
LaTeX Font Info:    Checking defaults for OT1/cmr/m/n on input line 40.
LaTeX Font Info:    ... okay on input line 40.
LaTeX Font Info:    Checking defaults for OMS/cmsy/m/n on input line 40.
LaTeX Font Info:    ... okay on input line 40.
LaTeX Font Info:    Checking defaults for OMX/cmex/m/n on input line 40.
LaTeX Font Info:    ... okay on input line 40.
LaTeX Font Info:    Checking defaults for U/cmr/m/n on input line 40.
LaTeX Font Info:    ... okay on input line 40.
LaTeX Font Info:    Try loading font information for T1+ptm on input line 40.

(/usr/local/texlive/2012/texmf-dist/tex/latex/psnfss/t1ptm.fd
File: t1ptm.fd 2001/06/04 font definitions for T1/ptm.
)
Package lastpage Info: Please have a look at the pageslts package at
(lastpage)             http://www.ctan.org/tex-archive/ 
(lastpage)             macros/latex/contrib/pageslts/ 
(lastpage)             or
(lastpage)             http://www.ctan.org/tex-archive/ 
(lastpage)             install/macros/latex/contrib/pageslts.tds.zip
(lastpage)             ! on input line 40.
LaTeX Font Info:    Try loading font information for U+msa on input line 136.

(/usr/local/texlive/2012/texmf-dist/tex/latex/amsfonts/umsa.fd
File: umsa.fd 2009/06/22 v3.00 AMS symbols A
)
LaTeX Font Info:    Try loading font information for U+msb on input line 136.

(/usr/local/texlive/2012/texmf-dist/tex/latex/amsfonts/umsb.fd
File: umsb.fd 2009/06/22 v3.00 AMS symbols B
)
LaTeX Font Info:    Try loading font information for U+lasy on input line 136.

(/usr/local/texlive/2012/texmf-dist/tex/latex/base/ulasy.fd
File: ulasy.fd 1998/08/17 v2.2e LaTeX symbol font definitions
)
Overfull \hbox (22.85443pt too wide) in paragraph at lines 136--136
 []\eaddfnt amotz@sci.brooklyn.cuny.edu| 
 []

LaTeX Font Info:    Font shape `T1/ptm/bx/n' in size <9> not available
(Font)              Font shape `T1/ptm/b/n' tried instead on input line 164.

Overfull \hbox (8.19049pt too wide) in paragraph at lines 164--167
\T1/ptm/m/n/9 Gen-eral; C.2.4 [\T1/ptm/b/n/9 Computer-Communication Net-works\T
1/ptm/m/n/9 ]: Dis-tributed
 []


Overfull \hbox (6.24614pt too wide) in paragraph at lines 171--174
\T1/ptm/m/n/9 Crowd-sensing, Image-Retrieval, Feature-Extraction, Mobile-Device

 []


Underfull \hbox (badness 10000) in paragraph at lines 171--174

 []


Overfull \hbox (1.4767pt too wide) in paragraph at lines 232--261
[]\T1/ptm/m/n/9 To bridge this avail-abil-ity gap, and to en-able this and othe
r missed
 []


Overfull \hbox (4.41896pt too wide) in paragraph at lines 232--261
\T1/ptm/m/n/9 sys-tem called Me-di-aS-cope that per-mits con-cur-rent ge-o-met-
ric queries
 []


Overfull \hbox (5.62541pt too wide) in paragraph at lines 288--312
[]\T1/ptm/m/n/9 MediaScope ad-dresses this chal-lenge us-ing an ap-proach that 
trades
 []

[1


]
Overfull \hbox (2.18756pt too wide) in paragraph at lines 328--338
\T1/ptm/m/n/9 con-cep-tu-ally par-ti-tioned across a cloud com-po-nent called M
SCloud,
 []


Overfull \hbox (16.48848pt too wide) in paragraph at lines 365--382
\T1/ptm/m/n/9 called Medusa [8], to en-able pro-grammed in-ter-ac-tion be-tween
 MSCloud
 []

File: pics/architecture.eps Graphic file (type eps)
<pics/architecture.eps>
File: pics/queryinterface.eps Graphic file (type eps)
 <pics/queryinterface.eps> (./sigproc-sp.bbl)

AED: lastpage setting LastPage
[2] (./sigproc-sp.aux) ) 
Here is how much of TeX's memory you used:
 3138 strings out of 493489
 39633 string characters out of 3141369
 99994 words of memory out of 3000000
 6357 multiletter control sequences out of 15000+200000
 45616 words of font info for 64 fonts, out of 3000000 for 9000
 957 hyphenation exceptions out of 8191
 39i,13n,26p,258b,327s stack positions out of 5000i,500n,10000p,200000b,50000s

Output written on sigproc-sp.dvi (2 pages, 17516 bytes).
