\BOOKMARK [1][]{section.1}{1 Vision}{}
\BOOKMARK [1][]{section.2}{2 Example of Different Problems}{}
\BOOKMARK [2][]{subsection.2.1}{2.1 Network Model}{section.2}
\BOOKMARK [3][]{subsubsection.2.1.1}{2.1.1 Naive Model}{subsection.2.1}
\BOOKMARK [3][]{subsubsection.2.1.2}{2.1.2 Peer-Assistant Model}{subsection.2.1}
\BOOKMARK [2][]{subsection.2.2}{2.2 Information Model}{section.2}
\BOOKMARK [3][]{subsubsection.2.2.1}{2.2.1 Coverage Model}{subsection.2.2}
\BOOKMARK [3][]{subsubsection.2.2.2}{2.2.2 Similarity Model}{subsection.2.2}
\BOOKMARK [2][]{subsection.2.3}{2.3 Objective Function}{section.2}
\BOOKMARK [3][]{subsubsection.2.3.1}{2.3.1 }{subsection.2.3}
\BOOKMARK [1][]{section.3}{3 Our Problem}{}
\BOOKMARK [2][]{subsection.3.1}{3.1 Preliminaries}{section.3}
\BOOKMARK [2][]{subsection.3.2}{3.2 Network Model}{section.3}
\BOOKMARK [2][]{subsection.3.3}{3.3 Information Model}{section.3}
\BOOKMARK [2][]{subsection.3.4}{3.4 Objective Function and Problem Formulation}{section.3}
\BOOKMARK [1][]{section.4}{4 Related Works}{}
\BOOKMARK [2][]{subsection.4.1}{4.1 Sensor Selection Problem}{section.4}
\BOOKMARK [3][]{subsubsection.4.1.1}{4.1.1 Query}{subsection.4.1}
\BOOKMARK [3][]{subsubsection.4.1.2}{4.1.2 Objective}{subsection.4.1}
\BOOKMARK [3][]{subsubsection.4.1.3}{4.1.3 Information Model}{subsection.4.1}
\BOOKMARK [3][]{subsubsection.4.1.4}{4.1.4 Network Model}{subsection.4.1}
\BOOKMARK [2][]{subsection.4.2}{4.2 PhotoNet}{section.4}
\BOOKMARK [3][]{subsubsection.4.2.1}{4.2.1 Query}{subsection.4.2}
\BOOKMARK [3][]{subsubsection.4.2.2}{4.2.2 Objective}{subsection.4.2}
\BOOKMARK [3][]{subsubsection.4.2.3}{4.2.3 Information Model}{subsection.4.2}
\BOOKMARK [3][]{subsubsection.4.2.4}{4.2.4 Network Model}{subsection.4.2}
\BOOKMARK [2][]{subsection.4.3}{4.3 PhotoNet with Outlier Elimination}{section.4}
\BOOKMARK [3][]{subsubsection.4.3.1}{4.3.1 Query}{subsection.4.3}
\BOOKMARK [3][]{subsubsection.4.3.2}{4.3.2 Objective}{subsection.4.3}
\BOOKMARK [3][]{subsubsection.4.3.3}{4.3.3 Information Model}{subsection.4.3}
\BOOKMARK [3][]{subsubsection.4.3.4}{4.3.4 Network Model}{subsection.4.3}
\BOOKMARK [2][]{subsection.4.4}{4.4 Diversity Caching}{section.4}
\BOOKMARK [3][]{subsubsection.4.4.1}{4.4.1 Query}{subsection.4.4}
\BOOKMARK [3][]{subsubsection.4.4.2}{4.4.2 Objective}{subsection.4.4}
\BOOKMARK [3][]{subsubsection.4.4.3}{4.4.3 Information Model}{subsection.4.4}
\BOOKMARK [3][]{subsubsection.4.4.4}{4.4.4 Network Model}{subsection.4.4}
\BOOKMARK [2][]{subsection.4.5}{4.5 CrowdSearch}{section.4}
\BOOKMARK [3][]{subsubsection.4.5.1}{4.5.1 Query}{subsection.4.5}
\BOOKMARK [3][]{subsubsection.4.5.2}{4.5.2 Objective}{subsection.4.5}
\BOOKMARK [3][]{subsubsection.4.5.3}{4.5.3 Information Model}{subsection.4.5}
\BOOKMARK [3][]{subsubsection.4.5.4}{4.5.4 Network Model}{subsection.4.5}
\BOOKMARK [2][]{subsection.4.6}{4.6 TagSense}{section.4}
\BOOKMARK [3][]{subsubsection.4.6.1}{4.6.1 Query}{subsection.4.6}
\BOOKMARK [3][]{subsubsection.4.6.2}{4.6.2 Objective}{subsection.4.6}
\BOOKMARK [3][]{subsubsection.4.6.3}{4.6.3 Information Model}{subsection.4.6}
\BOOKMARK [3][]{subsubsection.4.6.4}{4.6.4 Network Model}{subsection.4.6}
