This is pdfTeX, Version 3.1415926-1.40.11 (MiKTeX 2.9) (preloaded format=latex 2011.3.7)  27 JAN 2012 21:06
entering extended mode
**writeup.tex
("C:\Users\jyr\Dropbox\My Project\writeup\writeup.tex"
LaTeX2e <2009/09/24>
Babel <v3.8l> and hyphenation patterns for loaded.
! Undefined control sequence.
l.2 \section
            {Introduction}
? 
! Emergency stop.
l.2 \section
            {Introduction}
End of file on the terminal!

 
Here is how much of TeX's memory you used:
 7 strings out of 495363
 207 string characters out of 3184047
 44825 words of memory out of 3000000
 3272 multiletter control sequences out of 15000+200000
 3640 words of font info for 14 fonts, out of 3000000 for 9000
 14 hyphenation exceptions out of 8191
 5i,0n,3p,37b,8s stack positions out of 5000i,500n,10000p,200000b,50000s
No pages of output.
